C:\Users\spars\Desktop\UdemyWeb\ClientApp\dist\out-tsc\e2e\src\app.po.js
C:\Users\spars\Desktop\UdemyWeb\ClientApp\dist\out-tsc\e2e\src\app.po.js.map
C:\Users\spars\Desktop\UdemyWeb\ClientApp\dist\out-tsc\e2e\src\app.e2e-spec.js
C:\Users\spars\Desktop\UdemyWeb\ClientApp\dist\out-tsc\e2e\src\app.e2e-spec.js.map
C:\Users\spars\Desktop\UdemyWeb\ClientApp\dist\out-tsc\src\app\log-in\log-in.component.js
C:\Users\spars\Desktop\UdemyWeb\ClientApp\dist\out-tsc\src\app\log-in\log-in.component.js.map
C:\Users\spars\Desktop\UdemyWeb\ClientApp\dist\out-tsc\src\app\home\home.component.js
C:\Users\spars\Desktop\UdemyWeb\ClientApp\dist\out-tsc\src\app\home\home.component.js.map
C:\Users\spars\Desktop\UdemyWeb\ClientApp\dist\out-tsc\src\app\models\Courses.model.js
C:\Users\spars\Desktop\UdemyWeb\ClientApp\dist\out-tsc\src\app\models\Courses.model.js.map
C:\Users\spars\Desktop\UdemyWeb\ClientApp\dist\out-tsc\src\environments\environment.js
C:\Users\spars\Desktop\UdemyWeb\ClientApp\dist\out-tsc\src\environments\environment.js.map
C:\Users\spars\Desktop\UdemyWeb\ClientApp\dist\out-tsc\src\app\services.service.js
C:\Users\spars\Desktop\UdemyWeb\ClientApp\dist\out-tsc\src\app\services.service.js.map
C:\Users\spars\Desktop\UdemyWeb\ClientApp\dist\out-tsc\src\app\category\web-dev-list\web-dev-list.component.js
C:\Users\spars\Desktop\UdemyWeb\ClientApp\dist\out-tsc\src\app\category\web-dev-list\web-dev-list.component.js.map
C:\Users\spars\Desktop\UdemyWeb\ClientApp\dist\out-tsc\src\app\videos\web\web.component.js
C:\Users\spars\Desktop\UdemyWeb\ClientApp\dist\out-tsc\src\app\videos\web\web.component.js.map
C:\Users\spars\Desktop\UdemyWeb\ClientApp\dist\out-tsc\src\app\app-routing.module.js
C:\Users\spars\Desktop\UdemyWeb\ClientApp\dist\out-tsc\src\app\app-routing.module.js.map
C:\Users\spars\Desktop\UdemyWeb\ClientApp\dist\out-tsc\src\app\app.component.js
C:\Users\spars\Desktop\UdemyWeb\ClientApp\dist\out-tsc\src\app\app.component.js.map
C:\Users\spars\Desktop\UdemyWeb\ClientApp\dist\out-tsc\src\app\nav-bar\nav-bar.component.js
C:\Users\spars\Desktop\UdemyWeb\ClientApp\dist\out-tsc\src\app\nav-bar\nav-bar.component.js.map
C:\Users\spars\Desktop\UdemyWeb\ClientApp\dist\out-tsc\src\app\carousel\carousel.component.js
C:\Users\spars\Desktop\UdemyWeb\ClientApp\dist\out-tsc\src\app\carousel\carousel.component.js.map
C:\Users\spars\Desktop\UdemyWeb\ClientApp\dist\out-tsc\src\app\category\category.component.js
C:\Users\spars\Desktop\UdemyWeb\ClientApp\dist\out-tsc\src\app\category\category.component.js.map
C:\Users\spars\Desktop\UdemyWeb\ClientApp\dist\out-tsc\src\app\footer\footer.component.js
C:\Users\spars\Desktop\UdemyWeb\ClientApp\dist\out-tsc\src\app\footer\footer.component.js.map
C:\Users\spars\Desktop\UdemyWeb\ClientApp\dist\out-tsc\src\app\register\register.component.js
C:\Users\spars\Desktop\UdemyWeb\ClientApp\dist\out-tsc\src\app\register\register.component.js.map
C:\Users\spars\Desktop\UdemyWeb\ClientApp\dist\out-tsc\src\app\card\card.component.js
C:\Users\spars\Desktop\UdemyWeb\ClientApp\dist\out-tsc\src\app\card\card.component.js.map
C:\Users\spars\Desktop\UdemyWeb\ClientApp\dist\out-tsc\src\app\videos\videos.component.js
C:\Users\spars\Desktop\UdemyWeb\ClientApp\dist\out-tsc\src\app\videos\videos.component.js.map
C:\Users\spars\Desktop\UdemyWeb\ClientApp\dist\out-tsc\src\app\app.module.js
C:\Users\spars\Desktop\UdemyWeb\ClientApp\dist\out-tsc\src\app\app.module.js.map
C:\Users\spars\Desktop\UdemyWeb\ClientApp\dist\out-tsc\src\main.js
C:\Users\spars\Desktop\UdemyWeb\ClientApp\dist\out-tsc\src\main.js.map
C:\Users\spars\Desktop\UdemyWeb\ClientApp\dist\out-tsc\src\polyfills.js
C:\Users\spars\Desktop\UdemyWeb\ClientApp\dist\out-tsc\src\polyfills.js.map
C:\Users\spars\Desktop\UdemyWeb\ClientApp\dist\out-tsc\src\test.js
C:\Users\spars\Desktop\UdemyWeb\ClientApp\dist\out-tsc\src\test.js.map
C:\Users\spars\Desktop\UdemyWeb\ClientApp\dist\out-tsc\src\app\app.component.spec.js
C:\Users\spars\Desktop\UdemyWeb\ClientApp\dist\out-tsc\src\app\app.component.spec.js.map
C:\Users\spars\Desktop\UdemyWeb\ClientApp\dist\out-tsc\src\app\services.service.spec.js
C:\Users\spars\Desktop\UdemyWeb\ClientApp\dist\out-tsc\src\app\services.service.spec.js.map
C:\Users\spars\Desktop\UdemyWeb\ClientApp\dist\out-tsc\src\app\card\card.component.spec.js
C:\Users\spars\Desktop\UdemyWeb\ClientApp\dist\out-tsc\src\app\card\card.component.spec.js.map
C:\Users\spars\Desktop\UdemyWeb\ClientApp\dist\out-tsc\src\app\carousel\carousel.component.spec.js
C:\Users\spars\Desktop\UdemyWeb\ClientApp\dist\out-tsc\src\app\carousel\carousel.component.spec.js.map
C:\Users\spars\Desktop\UdemyWeb\ClientApp\dist\out-tsc\src\app\category\category.component.spec.js
C:\Users\spars\Desktop\UdemyWeb\ClientApp\dist\out-tsc\src\app\category\category.component.spec.js.map
C:\Users\spars\Desktop\UdemyWeb\ClientApp\dist\out-tsc\src\app\category\web-dev-list\web-dev-list.component.spec.js
C:\Users\spars\Desktop\UdemyWeb\ClientApp\dist\out-tsc\src\app\category\web-dev-list\web-dev-list.component.spec.js.map
C:\Users\spars\Desktop\UdemyWeb\ClientApp\dist\out-tsc\src\app\footer\footer.component.spec.js
C:\Users\spars\Desktop\UdemyWeb\ClientApp\dist\out-tsc\src\app\footer\footer.component.spec.js.map
C:\Users\spars\Desktop\UdemyWeb\ClientApp\dist\out-tsc\src\app\home\home.component.spec.js
C:\Users\spars\Desktop\UdemyWeb\ClientApp\dist\out-tsc\src\app\home\home.component.spec.js.map
C:\Users\spars\Desktop\UdemyWeb\ClientApp\dist\out-tsc\src\app\log-in\log-in.component.spec.js
C:\Users\spars\Desktop\UdemyWeb\ClientApp\dist\out-tsc\src\app\log-in\log-in.component.spec.js.map
C:\Users\spars\Desktop\UdemyWeb\ClientApp\dist\out-tsc\src\app\nav-bar\nav-bar.component.spec.js
C:\Users\spars\Desktop\UdemyWeb\ClientApp\dist\out-tsc\src\app\nav-bar\nav-bar.component.spec.js.map
C:\Users\spars\Desktop\UdemyWeb\ClientApp\dist\out-tsc\src\app\register\register.component.spec.js
C:\Users\spars\Desktop\UdemyWeb\ClientApp\dist\out-tsc\src\app\register\register.component.spec.js.map
C:\Users\spars\Desktop\UdemyWeb\ClientApp\dist\out-tsc\src\app\videos\videos.component.spec.js
C:\Users\spars\Desktop\UdemyWeb\ClientApp\dist\out-tsc\src\app\videos\videos.component.spec.js.map
C:\Users\spars\Desktop\UdemyWeb\ClientApp\dist\out-tsc\src\app\videos\web\web.component.spec.js
C:\Users\spars\Desktop\UdemyWeb\ClientApp\dist\out-tsc\src\app\videos\web\web.component.spec.js.map
C:\Users\spars\Desktop\UdemyWeb\ClientApp\dist\out-tsc\src\environments\environment.prod.js
C:\Users\spars\Desktop\UdemyWeb\ClientApp\dist\out-tsc\src\environments\environment.prod.js.map
